<?xml version="1.0" encoding="UTF-8" ?>
<testsuite tests="15" failures="0" name="com.ecamping.CampingTest" time="12.208" errors="0" skipped="0">
  <properties>
    <property name="java.runtime.name" value="Java(TM) SE Runtime Environment"/>
    <property name="sun.boot.library.path" value="/home/ramon/jdk1.8.0_171/jre/lib/amd64"/>
    <property name="java.vm.version" value="25.171-b11"/>
    <property name="java.vm.vendor" value="Oracle Corporation"/>
    <property name="java.vendor.url" value="http://java.oracle.com/"/>
    <property name="path.separator" value=":"/>
    <property name="guice.disable.misplaced.annotation.check" value="true"/>
    <property name="java.vm.name" value="Java HotSpot(TM) 64-Bit Server VM"/>
    <property name="file.encoding.pkg" value="sun.io"/>
    <property name="user.country" value="US"/>
    <property name="sun.java.launcher" value="SUN_STANDARD"/>
    <property name="sun.os.patch.level" value="unknown"/>
    <property name="test" value="com.ecamping.CampingTest"/>
    <property name="java.vm.specification.name" value="Java Virtual Machine Specification"/>
    <property name="user.dir" value="/home/ramon/NetBeansProjects/ECamping"/>
    <property name="java.runtime.version" value="1.8.0_171-b11"/>
    <property name="java.awt.graphicsenv" value="sun.awt.X11GraphicsEnvironment"/>
    <property name="java.endorsed.dirs" value="/home/ramon/jdk1.8.0_171/jre/lib/endorsed"/>
    <property name="os.arch" value="amd64"/>
    <property name="java.io.tmpdir" value="/tmp"/>
    <property name="line.separator" value="
"/>
    <property name="java.vm.specification.vendor" value="Oracle Corporation"/>
    <property name="os.name" value="Linux"/>
    <property name="maven.ext.class.path" value="/home/ramon/netbeans-8.2/java/maven-nblib/netbeans-eventspy.jar"/>
    <property name="classworlds.conf" value="/home/ramon/netbeans-8.2/java/maven/bin/m2.conf"/>
    <property name="sun.jnu.encoding" value="UTF-8"/>
    <property name="java.library.path" value="/home/ramon/jdk1.8.0_171/jre/lib/amd64:/home/ramon/jdk1.8.0_171/jre/lib/i386::/usr/java/packages/lib/amd64:/usr/lib64:/lib64:/lib:/usr/lib"/>
    <property name="java.specification.name" value="Java Platform API Specification"/>
    <property name="java.class.version" value="52.0"/>
    <property name="sun.management.compiler" value="HotSpot 64-Bit Tiered Compilers"/>
    <property name="os.version" value="3.13.0-149-generic"/>
    <property name="user.home" value="/home/ramon"/>
    <property name="user.timezone" value="America/Recife"/>
    <property name="java.awt.printerjob" value="sun.print.PSPrinterJob"/>
    <property name="java.specification.version" value="1.8"/>
    <property name="file.encoding" value="UTF-8"/>
    <property name="user.name" value="ramon"/>
    <property name="java.class.path" value="/home/ramon/netbeans-8.2/java/maven/boot/plexus-classworlds-2.4.jar"/>
    <property name="java.vm.specification.version" value="1.8"/>
    <property name="sun.arch.data.model" value="64"/>
    <property name="java.home" value="/home/ramon/jdk1.8.0_171/jre"/>
    <property name="sun.java.command" value="org.codehaus.plexus.classworlds.launcher.Launcher -Dtest=com.ecamping.CampingTest -Dmaven.ext.class.path=/home/ramon/netbeans-8.2/java/maven-nblib/netbeans-eventspy.jar surefire:test"/>
    <property name="java.specification.vendor" value="Oracle Corporation"/>
    <property name="user.language" value="en"/>
    <property name="awt.toolkit" value="sun.awt.X11.XToolkit"/>
    <property name="java.vm.info" value="mixed mode"/>
    <property name="java.version" value="1.8.0_171"/>
    <property name="java.ext.dirs" value="/home/ramon/jdk1.8.0_171/jre/lib/ext:/usr/java/packages/lib/ext"/>
    <property name="securerandom.source" value="file:/dev/./urandom"/>
    <property name="sun.boot.class.path" value="/home/ramon/jdk1.8.0_171/jre/lib/resources.jar:/home/ramon/jdk1.8.0_171/jre/lib/rt.jar:/home/ramon/jdk1.8.0_171/jre/lib/sunrsasign.jar:/home/ramon/jdk1.8.0_171/jre/lib/jsse.jar:/home/ramon/jdk1.8.0_171/jre/lib/jce.jar:/home/ramon/jdk1.8.0_171/jre/lib/charsets.jar:/home/ramon/jdk1.8.0_171/jre/lib/jfr.jar:/home/ramon/jdk1.8.0_171/jre/classes"/>
    <property name="java.vendor" value="Oracle Corporation"/>
    <property name="maven.home" value="/home/ramon/netbeans-8.2/java/maven"/>
    <property name="file.separator" value="/"/>
    <property name="java.vendor.url.bug" value="http://bugreport.sun.com/bugreport/"/>
    <property name="sun.cpu.endian" value="little"/>
    <property name="sun.io.unicode.encoding" value="UnicodeLittle"/>
    <property name="sun.desktop" value="gnome"/>
    <property name="sun.cpu.isalist" value=""/>
  </properties>
  <testcase classname="com.ecamping.CampingTest" name="NativeQueryCampingComMaiorInfo" time="0.108"/>
  <testcase classname="com.ecamping.CampingTest" name="JPQLretornaQuantidadeDeCampingsNumEstado" time="0.017"/>
  <testcase classname="com.ecamping.CampingTest" name="JPQLDeleteCamping" time="0.076"/>
  <testcase classname="com.ecamping.CampingTest" name="JPQLretornaCampingsComNumeroDeEnderecoEntre0e100" time="0.279"/>
  <testcase classname="com.ecamping.CampingTest" name="JPQLretornaAddressQueIniciamComR" time="0.026"/>
  <testcase classname="com.ecamping.CampingTest" name="CreateCamping" time="0.01"/>
  <testcase classname="com.ecamping.CampingTest" name="NQEnderecoPorCidade" time="0.009"/>
  <testcase classname="com.ecamping.CampingTest" name="NQEnderecoPorEstado" time="0.015"/>
  <testcase classname="com.ecamping.CampingTest" name="NQCampingSemReservas" time="0.051"/>
  <testcase classname="com.ecamping.CampingTest" name="NativeQueryCampingPorTelefone" time="0.004"/>
  <testcase classname="com.ecamping.CampingTest" name="NQCampingPorNome" time="0.01"/>
  <testcase classname="com.ecamping.CampingTest" name="NativeQueryRetornaNomeDeCamping" time="0.002"/>
  <testcase classname="com.ecamping.CampingTest" name="NQEnderecoPorID" time="0.007"/>
  <testcase classname="com.ecamping.CampingTest" name="JPQLallCampings" time="0.012"/>
  <testcase classname="com.ecamping.CampingTest" name="JQLupdateCamping" time="0.118"/>
</testsuite>